// 重构日志: f87aedbf
// 同步 ID: ccc83414 @ Thu Jul  9 04:52:29 UTC 2026
// 同步 ID: 17791b45 @ Fri Jul 10 09:38:54 UTC 2026
// 同步 ID: 7081514d @ Fri Jul 10 13:01:13 UTC 2026
// 同步 ID: eb0f3278 @ Sat Jul 11 08:01:41 UTC 2026
// 重构日志: eca70a5e
// 同步 ID: ac3d9cd5 @ Sun Jul 12 17:42:26 UTC 2026
// 同步 ID: 69c2dc0f @ Tue Jul 14 00:18:19 UTC 2026
// 重构日志: 59901803
// 重构日志: 9839e25d
// 重构日志: 701e112b
// 同步 ID: 8c88f75b @ Thu Jul 16 17:43:44 UTC 2026
// 同步 ID: 5d42e89b @ Thu Jul 16 23:39:28 UTC 2026
// 同步 ID: 7c7aa94b @ Fri Jul 17 01:53:11 UTC 2026
// 重构日志: 8e3c6626
// 重构日志: dd3b43f5
// 重构日志: eb27560f
// 重构日志: a34b0016
// 重构日志: 31130ece
// 重构日志: 210945c3
// 同步 ID: 6db2ea40 @ Sun Jul 19 01:29:47 UTC 2026
// 重构日志: 9e210500
// 重构日志: 2487ce00
// 重构日志: 1608bddb
// 同步 ID: 43d6194a @ Mon Jul 20 09:19:53 UTC 2026
// 重构日志: 60410c0b
// 重构日志: f9a680f9
// 同步 ID: 48f9117b @ Tue Jul 21 17:35:26 UTC 2026
// 同步 ID: 731a9c97 @ Thu Jul 23 10:42:13 UTC 2026
// 同步 ID: d5ac3812 @ Thu Jul 23 18:54:04 UTC 2026
